Determining if the pthread_create exist failed with the following output:
Change Dir: /home/oss/b1018262/ROS/ros2-on-wasmer/dev_ws/src/build/pubsub_wasm/CMakeFiles/CMakeTmp

Run Build Command:"/usr/bin/make" "cmTC_68721/fast"
/usr/bin/make -f CMakeFiles/cmTC_68721.dir/build.make CMakeFiles/cmTC_68721.dir/build
make[1]: ディレクトリ '/home/oss/b1018262/ROS/ros2-on-wasmer/dev_ws/src/build/pubsub_wasm/CMakeFiles/CMakeTmp' に入ります
Building C object CMakeFiles/cmTC_68721.dir/CheckSymbolExists.c.o
/usr/bin/cc    -o CMakeFiles/cmTC_68721.dir/CheckSymbolExists.c.o   -c /home/oss/b1018262/ROS/ros2-on-wasmer/dev_ws/src/build/pubsub_wasm/CMakeFiles/CMakeTmp/CheckSymbolExists.c
Linking C executable cmTC_68721
/usr/bin/cmake -E cmake_link_script CMakeFiles/cmTC_68721.dir/link.txt --verbose=1
/usr/bin/cc      CMakeFiles/cmTC_68721.dir/CheckSymbolExists.c.o  -o cmTC_68721 
CMakeFiles/cmTC_68721.dir/CheckSymbolExists.c.o: 関数 `main' 内:
CheckSymbolExists.c:(.text+0x14): `pthread_create' に対する定義されていない参照です
CheckSymbolExists.c:(.text+0x18): `pthread_create' に対する定義されていない参照です
collect2: error: ld returned 1 exit status
CMakeFiles/cmTC_68721.dir/build.make:97: recipe for target 'cmTC_68721' failed
make[1]: *** [cmTC_68721] Error 1
make[1]: ディレクトリ '/home/oss/b1018262/ROS/ros2-on-wasmer/dev_ws/src/build/pubsub_wasm/CMakeFiles/CMakeTmp' から出ます
Makefile:126: recipe for target 'cmTC_68721/fast' failed
make: *** [cmTC_68721/fast] Error 2

File /home/oss/b1018262/ROS/ros2-on-wasmer/dev_ws/src/build/pubsub_wasm/CMakeFiles/CMakeTmp/CheckSymbolExists.c:
/* */
#include <pthread.h>

int main(int argc, char** argv)
{
  (void)argv;
#ifndef pthread_create
  return ((int*)(&pthread_create))[argc];
#else
  (void)argc;
  return 0;
#endif
}

Determining if the function pthread_create exists in the pthreads failed with the following output:
Change Dir: /home/oss/b1018262/ROS/ros2-on-wasmer/dev_ws/src/build/pubsub_wasm/CMakeFiles/CMakeTmp

Run Build Command:"/usr/bin/make" "cmTC_a17af/fast"
/usr/bin/make -f CMakeFiles/cmTC_a17af.dir/build.make CMakeFiles/cmTC_a17af.dir/build
make[1]: ディレクトリ '/home/oss/b1018262/ROS/ros2-on-wasmer/dev_ws/src/build/pubsub_wasm/CMakeFiles/CMakeTmp' に入ります
Building C object CMakeFiles/cmTC_a17af.dir/CheckFunctionExists.c.o
/usr/bin/cc   -DCHECK_FUNCTION_EXISTS=pthread_create   -o CMakeFiles/cmTC_a17af.dir/CheckFunctionExists.c.o   -c /usr/share/cmake-3.10/Modules/CheckFunctionExists.c
Linking C executable cmTC_a17af
/usr/bin/cmake -E cmake_link_script CMakeFiles/cmTC_a17af.dir/link.txt --verbose=1
/usr/bin/cc  -DCHECK_FUNCTION_EXISTS=pthread_create    CMakeFiles/cmTC_a17af.dir/CheckFunctionExists.c.o  -o cmTC_a17af -lpthreads 
/usr/bin/ld: -lpthreads が見つかりません
collect2: error: ld returned 1 exit status
CMakeFiles/cmTC_a17af.dir/build.make:97: recipe for target 'cmTC_a17af' failed
make[1]: *** [cmTC_a17af] Error 1
make[1]: ディレクトリ '/home/oss/b1018262/ROS/ros2-on-wasmer/dev_ws/src/build/pubsub_wasm/CMakeFiles/CMakeTmp' から出ます
Makefile:126: recipe for target 'cmTC_a17af/fast' failed
make: *** [cmTC_a17af/fast] Error 2


